{"level":30,"time":1742301069151,"pid":328251,"hostname":"pc0648","msg":"🚀 Server is running on port 8090"}
{"level":30,"time":1742301101241,"pid":328641,"hostname":"pc0648","msg":"🚀 Server is running on port 8090"}
{"level":30,"time":1742301167319,"pid":329376,"hostname":"pc0648","msg":"🚀 Server is running on port 8090"}
{"level":30,"time":1742301173626,"pid":329500,"hostname":"pc0648","msg":"🚀 Server is running on port 8090"}
{"level":30,"time":1742301217648,"pid":330024,"hostname":"pc0648","msg":"🚀 Server is running on port 8090"}
{"level":30,"time":1742301219041,"pid":330082,"hostname":"pc0648","msg":"🚀 Server is running on port 8090"}
{"level":30,"time":1742301220346,"pid":330132,"hostname":"pc0648","msg":"🚀 Server is running on port 8090"}
{"level":30,"time":1742301221673,"pid":330171,"hostname":"pc0648","msg":"🚀 Server is running on port 8090"}
{"level":30,"time":1742301248890,"pid":330457,"hostname":"pc0648","msg":"🚀 Server is running on port 8090"}
{"level":30,"time":1742301248915,"pid":330457,"hostname":"pc0648","msg":"Database connected successfully"}
{"level":30,"time":1742301263260,"pid":330644,"hostname":"pc0648","msg":"🚀 Server is running on port 8090"}
{"level":30,"time":1742301263282,"pid":330644,"hostname":"pc0648","msg":"Database connected successfully"}
{"level":30,"time":1742301265212,"pid":330644,"hostname":"pc0648","msg":"SMTP Server is Ready to Send Emails"}
{"level":30,"time":1742301277317,"pid":330893,"hostname":"pc0648","msg":"🚀 Server is running on port 8090"}
{"level":30,"time":1742301277338,"pid":330893,"hostname":"pc0648","msg":"Database connected successfully"}
{"level":30,"time":1742301279128,"pid":330893,"hostname":"pc0648","msg":"SMTP Server is Ready to Send Emails"}
{"level":30,"time":1742301376021,"pid":331995,"hostname":"pc0648","msg":"🚀 Server is running on port 8090"}
{"level":30,"time":1742301376041,"pid":331995,"hostname":"pc0648","msg":"Database connected successfully"}
{"level":30,"time":1742301377841,"pid":331995,"hostname":"pc0648","msg":"SMTP Server is Ready to Send Emails"}
{"level":30,"time":1742301389030,"pid":332221,"hostname":"pc0648","msg":"🚀 Server is running on port 8090"}
{"level":30,"time":1742301389049,"pid":332221,"hostname":"pc0648","msg":"Database connected successfully"}
{"level":30,"time":1742301390815,"pid":332221,"hostname":"pc0648","msg":"SMTP Server is Ready to Send Emails"}
{"level":30,"time":1742301413310,"pid":332516,"hostname":"pc0648","msg":"🚀 Server is running on port 8090"}
{"level":30,"time":1742301413333,"pid":332516,"hostname":"pc0648","msg":"Database connected successfully"}
{"level":30,"time":1742301416615,"pid":332516,"hostname":"pc0648","msg":"SMTP Server is Ready to Send Emails"}
{"level":30,"time":1742301468808,"pid":333153,"hostname":"pc0648","msg":"🚀 Server is running on port 8090"}
{"level":30,"time":1742301468829,"pid":333153,"hostname":"pc0648","msg":"Database connected successfully"}
{"level":30,"time":1742301470781,"pid":333153,"hostname":"pc0648","msg":"SMTP Server is Ready to Send Emails"}
{"level":30,"time":1742301475509,"pid":333307,"hostname":"pc0648","msg":"🚀 Server is running on port 8090"}
{"level":30,"time":1742301475535,"pid":333307,"hostname":"pc0648","msg":"Database connected successfully"}
{"level":30,"time":1742301477534,"pid":333307,"hostname":"pc0648","msg":"SMTP Server is Ready to Send Emails"}
{"level":30,"time":1742301480875,"pid":333461,"hostname":"pc0648","msg":"🚀 Server is running on port 8090"}
{"level":30,"time":1742301480899,"pid":333461,"hostname":"pc0648","msg":"Database connected successfully"}
{"level":30,"time":1742301482950,"pid":333461,"hostname":"pc0648","msg":"SMTP Server is Ready to Send Emails"}
{"level":30,"time":1742301486079,"pid":333592,"hostname":"pc0648","msg":"🚀 Server is running on port 8090"}
{"level":30,"time":1742301486100,"pid":333592,"hostname":"pc0648","msg":"Database connected successfully"}
{"level":30,"time":1742301487963,"pid":333592,"hostname":"pc0648","msg":"SMTP Server is Ready to Send Emails"}
{"level":30,"time":1742301500272,"pid":333823,"hostname":"pc0648","msg":"🚀 Server is running on port 8090"}
{"level":30,"time":1742301500296,"pid":333823,"hostname":"pc0648","msg":"Database connected successfully"}
{"level":30,"time":1742301502023,"pid":333823,"hostname":"pc0648","msg":"SMTP Server is Ready to Send Emails"}
{"level":30,"time":1742301507238,"pid":333823,"hostname":"pc0648","msg":"🔔 New User Registered: Urvesh Barot (urvesh.barot@radixweb.com)"}
{"level":30,"time":1742301510527,"pid":333823,"hostname":"pc0648","msg":"Email sent:"}
{"level":30,"time":1742301593036,"pid":335032,"hostname":"pc0648","msg":"🚀 Server is running on port 8090"}
{"level":30,"time":1742301593055,"pid":335032,"hostname":"pc0648","msg":"Database connected successfully"}
{"level":30,"time":1742301594835,"pid":335032,"hostname":"pc0648","msg":"SMTP Server is Ready to Send Emails"}
{"level":30,"time":1742301637886,"pid":335544,"hostname":"pc0648","msg":"🚀 Server is running on port 8090"}
{"level":30,"time":1742301637907,"pid":335544,"hostname":"pc0648","msg":"Database connected successfully"}
{"level":30,"time":1742301639924,"pid":335544,"hostname":"pc0648","msg":"SMTP Server is Ready to Send Emails"}
{"level":30,"time":1742301680602,"pid":336079,"hostname":"pc0648","msg":"🚀 Server is running on port 8090"}
{"level":30,"time":1742301680640,"pid":336079,"hostname":"pc0648","msg":"Database connected successfully"}
{"level":30,"time":1742301682442,"pid":336079,"hostname":"pc0648","msg":"SMTP Server is Ready to Send Emails"}
{"level":30,"time":"2025-03-18T12:45:15.275Z","pid":338319,"hostname":"pc0648","msg":"🚀 Server is running on port 8090"}
{"level":30,"time":"2025-03-18T12:45:15.300Z","pid":338319,"hostname":"pc0648","msg":"Database connected successfully"}
{"level":30,"time":"2025-03-18T12:45:17.173Z","pid":338319,"hostname":"pc0648","msg":"SMTP Server is Ready to Send Emails"}
{"level":30,"time":"2025-03-18T12:45:56.751Z","pid":338810,"hostname":"pc0648","msg":"🚀 Server is running on port 8090"}
{"level":30,"time":"2025-03-18T12:45:56.773Z","pid":338810,"hostname":"pc0648","msg":"Database connected successfully"}
{"level":30,"time":"2025-03-18T12:45:58.798Z","pid":338810,"hostname":"pc0648","msg":"SMTP Server is Ready to Send Emails"}
